Flow report for fulladder
Tue Dec 19 14:52:40 2017
Quartus II 32-bit Version 13.0.1 Build 232 06/12/2013 Service Pack 1 SJ Full Version


---------------------
; Table of Contents ;
---------------------
  1. Legal Notice
  2. Flow Summary
  3. Flow Settings
  4. Flow Non-Default Global Settings
  5. Flow Elapsed Time
  6. Flow OS Summary
  7. Flow Log
  8. Flow Messages
  9. Flow Suppressed Messages



----------------
; Legal Notice ;
----------------
Copyright (C) 1991-2013 Altera Corporation
Your use of Altera Corporation's design tools, logic functions 
and other software and tools, and its AMPP partner logic 
functions, and any output files from any of the foregoing 
(including device programming or simulation files), and any 
associated documentation or information are expressly subject 
to the terms and conditions of the Altera Program License 
Subscription Agreement, Altera MegaCore Function License 
Agreement, or other applicable license agreement, including, 
without limitation, that your use is for the sole purpose of 
programming logic devices manufactured by Altera and sold by 
Altera or its authorized distributors.  Please refer to the 
applicable agreement for further details.



+---------------------------------------------------------------------------------------+
; Flow Summary                                                                          ;
+------------------------------------+--------------------------------------------------+
; Flow Status                        ; Successful - Tue Dec 19 14:52:40 2017            ;
; Quartus II 32-bit Version          ; 13.0.1 Build 232 06/12/2013 SP 1 SJ Full Version ;
; Revision Name                      ; fulladder                                        ;
; Top-level Entity Name              ; fulladder                                        ;
; Family                             ; Cyclone IV E                                     ;
; Device                             ; EP4CE30F23I7                                     ;
; Timing Models                      ; Final                                            ;
; Total logic elements               ; 0 / 28,848 ( 0 % )                               ;
;     Total combinational functions  ; 0 / 28,848 ( 0 % )                               ;
;     Dedicated logic registers      ; 0 / 28,848 ( 0 % )                               ;
; Total registers                    ; 0                                                ;
; Total pins                         ; 5 / 329 ( 2 % )                                  ;
; Total virtual pins                 ; 0                                                ;
; Total memory bits                  ; 0 / 608,256 ( 0 % )                              ;
; Embedded Multiplier 9-bit elements ; 0 / 132 ( 0 % )                                  ;
; Total PLLs                         ; 0 / 4 ( 0 % )                                    ;
+------------------------------------+--------------------------------------------------+


+-----------------------------------------+
; Flow Settings                           ;
+-------------------+---------------------+
; Option            ; Setting             ;
+-------------------+---------------------+
; Start date & time ; 12/19/2017 14:52:13 ;
; Main task         ; Compilation         ;
; Revision Name     ; fulladder           ;
+-------------------+---------------------+


+------------------------------------------------------------------------------------------------------------------------------+
; Flow Non-Default Global Settings                                                                                             ;
+--------------------------------------+----------------------------------------+---------------+-------------+----------------+
; Assignment Name                      ; Value                                  ; Default Value ; Entity Name ; Section Id     ;
+--------------------------------------+----------------------------------------+---------------+-------------+----------------+
; COMPILER_SIGNATURE_ID                ; 272744410112320.151366273304222        ; --            ; --          ; --             ;
; EDA_DESIGN_INSTANCE_NAME             ; NA                                     ; --            ; --          ; test1          ;
; EDA_NATIVELINK_SIMULATION_TEST_BENCH ; test1                                  ; --            ; --          ; eda_simulation ;
; EDA_OUTPUT_DATA_FORMAT               ; Verilog Hdl                            ; --            ; --          ; eda_simulation ;
; EDA_SIMULATION_TOOL                  ; ModelSim-Altera (Verilog)              ; <None>        ; --          ; --             ;
; EDA_TEST_BENCH_ENABLE_STATUS         ; TEST_BENCH_MODE                        ; --            ; --          ; eda_simulation ;
; EDA_TEST_BENCH_FILE                  ; simulation/modelsim/fulladder_test1.vt ; --            ; --          ; test1          ;
; EDA_TEST_BENCH_MODULE_NAME           ; test1                                  ; --            ; --          ; test1          ;
; EDA_TEST_BENCH_NAME                  ; test1                                  ; --            ; --          ; eda_simulation ;
; EDA_TIME_SCALE                       ; 1 ps                                   ; --            ; --          ; eda_simulation ;
; MAX_CORE_JUNCTION_TEMP               ; 100                                    ; --            ; --          ; --             ;
; MIN_CORE_JUNCTION_TEMP               ; -40                                    ; --            ; --          ; --             ;
; NOMINAL_CORE_SUPPLY_VOLTAGE          ; 1.2V                                   ; --            ; --          ; --             ;
; PARTITION_COLOR                      ; 16764057                               ; --            ; --          ; Top            ;
; PARTITION_FITTER_PRESERVATION_LEVEL  ; PLACEMENT_AND_ROUTING                  ; --            ; --          ; Top            ;
; PARTITION_NETLIST_TYPE               ; SOURCE                                 ; --            ; --          ; Top            ;
; PROJECT_OUTPUT_DIRECTORY             ; output_files                           ; --            ; --          ; --             ;
+--------------------------------------+----------------------------------------+---------------+-------------+----------------+


+-------------------------------------------------------------------------------------------------------------------------------+
; Flow Elapsed Time                                                                                                             ;
+---------------------------+--------------+-------------------------+---------------------+------------------------------------+
; Module Name               ; Elapsed Time ; Average Processors Used ; Peak Virtual Memory ; Total CPU Time (on all processors) ;
+---------------------------+--------------+-------------------------+---------------------+------------------------------------+
; Analysis & Synthesis      ; 00:00:01     ; 1.0                     ; 323 MB              ; 00:00:01                           ;
; Fitter                    ; 00:00:09     ; 1.1                     ; 575 MB              ; 00:00:10                           ;
; Assembler                 ; 00:00:03     ; 1.0                     ; 341 MB              ; 00:00:03                           ;
; TimeQuest Timing Analyzer ; 00:00:02     ; 1.0                     ; 387 MB              ; 00:00:02                           ;
; EDA Netlist Writer        ; 00:00:01     ; 1.0                     ; 308 MB              ; 00:00:01                           ;
; Total                     ; 00:00:16     ; --                      ; --                  ; 00:00:17                           ;
+---------------------------+--------------+-------------------------+---------------------+------------------------------------+


+---------------------------------------------------------------------------------------------+
; Flow OS Summary                                                                             ;
+---------------------------+------------------+----------------+------------+----------------+
; Module Name               ; Machine Hostname ; OS Name        ; OS Version ; Processor type ;
+---------------------------+------------------+----------------+------------+----------------+
; Analysis & Synthesis      ; ws42             ; Ubuntu 12.04.5 ; 12         ; x86_64         ;
; Fitter                    ; ws42             ; Ubuntu 12.04.5 ; 12         ; x86_64         ;
; Assembler                 ; ws42             ; Ubuntu 12.04.5 ; 12         ; x86_64         ;
; TimeQuest Timing Analyzer ; ws42             ; Ubuntu 12.04.5 ; 12         ; x86_64         ;
; EDA Netlist Writer        ; ws42             ; Ubuntu 12.04.5 ; 12         ; x86_64         ;
+---------------------------+------------------+----------------+------------+----------------+


------------
; Flow Log ;
------------
quartus_map --read_settings_files=on --write_settings_files=off fulladder -c fulladder
quartus_fit --read_settings_files=off --write_settings_files=off fulladder -c fulladder
quartus_asm --read_settings_files=off --write_settings_files=off fulladder -c fulladder
quartus_sta fulladder -c fulladder
quartus_eda --read_settings_files=off --write_settings_files=off fulladder -c fulladder



