Analysis & Synthesis report for alu
Sat Jan 13 17:02:23 2018
Quartus II 64-Bit Version 13.0.1 Build 232 06/12/2013 Service Pack 1 SJ Web Edition


---------------------
; Table of Contents ;
---------------------
  1. Legal Notice
  2. Analysis & Synthesis Summary
  3. Analysis & Synthesis Settings
  4. Parallel Compilation
  5. Analysis & Synthesis Source Files Read
  6. Analysis & Synthesis Resource Usage Summary
  7. Analysis & Synthesis Resource Utilization by Entity
  8. Analysis & Synthesis IP Cores Summary
  9. General Register Statistics
 10. Parameter Settings for User Entity Instance: mux5:inst|lpm_mux:LPM_MUX_component
 11. Elapsed Time Per Partition
 12. Analysis & Synthesis Messages



----------------
; Legal Notice ;
----------------
Copyright (C) 1991-2013 Altera Corporation
Your use of Altera Corporation's design tools, logic functions 
and other software and tools, and its AMPP partner logic 
functions, and any output files from any of the foregoing 
(including device programming or simulation files), and any 
associated documentation or information are expressly subject 
to the terms and conditions of the Altera Program License 
Subscription Agreement, Altera MegaCore Function License 
Agreement, or other applicable license agreement, including, 
without limitation, that your use is for the sole purpose of 
programming logic devices manufactured by Altera and sold by 
Altera or its authorized distributors.  Please refer to the 
applicable agreement for further details.



+--------------------------------------------------------------------------------------+
; Analysis & Synthesis Summary                                                         ;
+------------------------------------+-------------------------------------------------+
; Analysis & Synthesis Status        ; Successful - Sat Jan 13 17:02:23 2018           ;
; Quartus II 64-Bit Version          ; 13.0.1 Build 232 06/12/2013 SP 1 SJ Web Edition ;
; Revision Name                      ; alu                                             ;
; Top-level Entity Name              ; alu                                             ;
; Family                             ; Cyclone IV E                                    ;
; Total logic elements               ; 86                                              ;
;     Total combinational functions  ; 86                                              ;
;     Dedicated logic registers      ; 0                                               ;
; Total registers                    ; 0                                               ;
; Total pins                         ; 52                                              ;
; Total virtual pins                 ; 0                                               ;
; Total memory bits                  ; 0                                               ;
; Embedded Multiplier 9-bit elements ; 0                                               ;
; Total PLLs                         ; 0                                               ;
+------------------------------------+-------------------------------------------------+


+----------------------------------------------------------------------------------------------------------------------+
; Analysis & Synthesis Settings                                                                                        ;
+----------------------------------------------------------------------------+--------------------+--------------------+
; Option                                                                     ; Setting            ; Default Value      ;
+----------------------------------------------------------------------------+--------------------+--------------------+
; Device                                                                     ; EP4CE30F23I7       ;                    ;
; Top-level entity name                                                      ; alu                ; alu                ;
; Family name                                                                ; Cyclone IV E       ; Cyclone IV GX      ;
; Use smart compilation                                                      ; Off                ; Off                ;
; Enable parallel Assembler and TimeQuest Timing Analyzer during compilation ; On                 ; On                 ;
; Enable compact report table                                                ; Off                ; Off                ;
; Restructure Multiplexers                                                   ; Auto               ; Auto               ;
; Create Debugging Nodes for IP Cores                                        ; Off                ; Off                ;
; Preserve fewer node names                                                  ; On                 ; On                 ;
; Disable OpenCore Plus hardware evaluation                                  ; Off                ; Off                ;
; Verilog Version                                                            ; Verilog_2001       ; Verilog_2001       ;
; VHDL Version                                                               ; VHDL_1993          ; VHDL_1993          ;
; State Machine Processing                                                   ; Auto               ; Auto               ;
; Safe State Machine                                                         ; Off                ; Off                ;
; Extract Verilog State Machines                                             ; On                 ; On                 ;
; Extract VHDL State Machines                                                ; On                 ; On                 ;
; Ignore Verilog initial constructs                                          ; Off                ; Off                ;
; Iteration limit for constant Verilog loops                                 ; 5000               ; 5000               ;
; Iteration limit for non-constant Verilog loops                             ; 250                ; 250                ;
; Add Pass-Through Logic to Inferred RAMs                                    ; On                 ; On                 ;
; Infer RAMs from Raw Logic                                                  ; On                 ; On                 ;
; Parallel Synthesis                                                         ; On                 ; On                 ;
; DSP Block Balancing                                                        ; Auto               ; Auto               ;
; NOT Gate Push-Back                                                         ; On                 ; On                 ;
; Power-Up Don't Care                                                        ; On                 ; On                 ;
; Remove Redundant Logic Cells                                               ; Off                ; Off                ;
; Remove Duplicate Registers                                                 ; On                 ; On                 ;
; Ignore CARRY Buffers                                                       ; Off                ; Off                ;
; Ignore CASCADE Buffers                                                     ; Off                ; Off                ;
; Ignore GLOBAL Buffers                                                      ; Off                ; Off                ;
; Ignore ROW GLOBAL Buffers                                                  ; Off                ; Off                ;
; Ignore LCELL Buffers                                                       ; Off                ; Off                ;
; Ignore SOFT Buffers                                                        ; On                 ; On                 ;
; Limit AHDL Integers to 32 Bits                                             ; Off                ; Off                ;
; Optimization Technique                                                     ; Balanced           ; Balanced           ;
; Carry Chain Length                                                         ; 70                 ; 70                 ;
; Auto Carry Chains                                                          ; On                 ; On                 ;
; Auto Open-Drain Pins                                                       ; On                 ; On                 ;
; Perform WYSIWYG Primitive Resynthesis                                      ; Off                ; Off                ;
; Auto ROM Replacement                                                       ; On                 ; On                 ;
; Auto RAM Replacement                                                       ; On                 ; On                 ;
; Auto DSP Block Replacement                                                 ; On                 ; On                 ;
; Auto Shift Register Replacement                                            ; Auto               ; Auto               ;
; Allow Shift Register Merging across Hierarchies                            ; Auto               ; Auto               ;
; Auto Clock Enable Replacement                                              ; On                 ; On                 ;
; Strict RAM Replacement                                                     ; Off                ; Off                ;
; Allow Synchronous Control Signals                                          ; On                 ; On                 ;
; Force Use of Synchronous Clear Signals                                     ; Off                ; Off                ;
; Auto RAM Block Balancing                                                   ; On                 ; On                 ;
; Auto RAM to Logic Cell Conversion                                          ; Off                ; Off                ;
; Auto Resource Sharing                                                      ; Off                ; Off                ;
; Allow Any RAM Size For Recognition                                         ; Off                ; Off                ;
; Allow Any ROM Size For Recognition                                         ; Off                ; Off                ;
; Allow Any Shift Register Size For Recognition                              ; Off                ; Off                ;
; Use LogicLock Constraints during Resource Balancing                        ; On                 ; On                 ;
; Ignore translate_off and synthesis_off directives                          ; Off                ; Off                ;
; Timing-Driven Synthesis                                                    ; On                 ; On                 ;
; Report Parameter Settings                                                  ; On                 ; On                 ;
; Report Source Assignments                                                  ; On                 ; On                 ;
; Report Connectivity Checks                                                 ; On                 ; On                 ;
; Ignore Maximum Fan-Out Assignments                                         ; Off                ; Off                ;
; Synchronization Register Chain Length                                      ; 2                  ; 2                  ;
; PowerPlay Power Optimization                                               ; Normal compilation ; Normal compilation ;
; HDL message level                                                          ; Level2             ; Level2             ;
; Suppress Register Optimization Related Messages                            ; Off                ; Off                ;
; Number of Removed Registers Reported in Synthesis Report                   ; 5000               ; 5000               ;
; Number of Swept Nodes Reported in Synthesis Report                         ; 5000               ; 5000               ;
; Number of Inverted Registers Reported in Synthesis Report                  ; 100                ; 100                ;
; Clock MUX Protection                                                       ; On                 ; On                 ;
; Auto Gated Clock Conversion                                                ; Off                ; Off                ;
; Block Design Naming                                                        ; Auto               ; Auto               ;
; SDC constraint protection                                                  ; Off                ; Off                ;
; Synthesis Effort                                                           ; Auto               ; Auto               ;
; Shift Register Replacement - Allow Asynchronous Clear Signal               ; On                 ; On                 ;
; Pre-Mapping Resynthesis Optimization                                       ; Off                ; Off                ;
; Analysis & Synthesis Message Level                                         ; Medium             ; Medium             ;
; Disable Register Merging Across Hierarchies                                ; Auto               ; Auto               ;
; Resource Aware Inference For Block RAM                                     ; On                 ; On                 ;
; Synthesis Seed                                                             ; 1                  ; 1                  ;
+----------------------------------------------------------------------------+--------------------+--------------------+


Parallel compilation was disabled, but you have multiple processors available. Enable parallel compilation to reduce compilation time.
+-------------------------------------+
; Parallel Compilation                ;
+----------------------------+--------+
; Processors                 ; Number ;
+----------------------------+--------+
; Number detected on machine ; 4      ;
; Maximum allowed            ; 1      ;
+----------------------------+--------+


+----------------------------------------------------------------------------------------------------------------------------------------------------------------------+
; Analysis & Synthesis Source Files Read                                                                                                                               ;
+----------------------------------+-----------------+------------------------------------+------------------------------------------------------------------+---------+
; File Name with User-Entered Path ; Used in Netlist ; File Type                          ; File Name with Absolute Path                                     ; Library ;
+----------------------------------+-----------------+------------------------------------+------------------------------------------------------------------+---------+
; alu.bdf                          ; yes             ; User Block Diagram/Schematic File  ; C:/altera/13.0sp1/le2hard3/workspace32/alu.bdf                   ;         ;
; adder16bit.bdf                   ; yes             ; User Block Diagram/Schematic File  ; C:/altera/13.0sp1/le2hard3/workspace32/adder16bit.bdf            ;         ;
; subeer16bit.bdf                  ; yes             ; User Block Diagram/Schematic File  ; C:/altera/13.0sp1/le2hard3/workspace32/subeer16bit.bdf           ;         ;
; ander16bit.bdf                   ; yes             ; User Block Diagram/Schematic File  ; C:/altera/13.0sp1/le2hard3/workspace32/ander16bit.bdf            ;         ;
; orer16bit.bdf                    ; yes             ; User Block Diagram/Schematic File  ; C:/altera/13.0sp1/le2hard3/workspace32/orer16bit.bdf             ;         ;
; xorer16bit.bdf                   ; yes             ; User Block Diagram/Schematic File  ; C:/altera/13.0sp1/le2hard3/workspace32/xorer16bit.bdf            ;         ;
; halfadder.bdf                    ; yes             ; User Block Diagram/Schematic File  ; C:/altera/13.0sp1/le2hard3/workspace32/halfadder.bdf             ;         ;
; fulladder.bdf                    ; yes             ; User Block Diagram/Schematic File  ; C:/altera/13.0sp1/le2hard3/workspace32/fulladder.bdf             ;         ;
; mux5.v                           ; yes             ; User Wizard-Generated File         ; C:/altera/13.0sp1/le2hard3/workspace32/mux5.v                    ;         ;
; lpm_mux.tdf                      ; yes             ; Megafunction                       ; c:/altera/13.0sp1/quartus/libraries/megafunctions/lpm_mux.tdf    ;         ;
; aglobal130.inc                   ; yes             ; Megafunction                       ; c:/altera/13.0sp1/quartus/libraries/megafunctions/aglobal130.inc ;         ;
; muxlut.inc                       ; yes             ; Megafunction                       ; c:/altera/13.0sp1/quartus/libraries/megafunctions/muxlut.inc     ;         ;
; bypassff.inc                     ; yes             ; Megafunction                       ; c:/altera/13.0sp1/quartus/libraries/megafunctions/bypassff.inc   ;         ;
; altshift.inc                     ; yes             ; Megafunction                       ; c:/altera/13.0sp1/quartus/libraries/megafunctions/altshift.inc   ;         ;
; db/mux_2tc.tdf                   ; yes             ; Auto-Generated Megafunction        ; C:/altera/13.0sp1/le2hard3/workspace32/db/mux_2tc.tdf            ;         ;
+----------------------------------+-----------------+------------------------------------+------------------------------------------------------------------+---------+


+---------------------------------------------------------------+
; Analysis & Synthesis Resource Usage Summary                   ;
+---------------------------------------------+-----------------+
; Resource                                    ; Usage           ;
+---------------------------------------------+-----------------+
; Estimated Total logic elements              ; 86              ;
;                                             ;                 ;
; Total combinational functions               ; 86              ;
; Logic element usage by number of LUT inputs ;                 ;
;     -- 4 input functions                    ; 49              ;
;     -- 3 input functions                    ; 32              ;
;     -- <=2 input functions                  ; 5               ;
;                                             ;                 ;
; Logic elements by mode                      ;                 ;
;     -- normal mode                          ; 86              ;
;     -- arithmetic mode                      ; 0               ;
;                                             ;                 ;
; Total registers                             ; 0               ;
;     -- Dedicated logic registers            ; 0               ;
;     -- I/O registers                        ; 0               ;
;                                             ;                 ;
; I/O pins                                    ; 52              ;
; Embedded Multiplier 9-bit elements          ; 0               ;
; Maximum fan-out node                        ; opcode[0]~input ;
; Maximum fan-out                             ; 33              ;
; Total fan-out                               ; 370             ;
; Average fan-out                             ; 1.95            ;
+---------------------------------------------+-----------------+


+--------------------------------------------------------------------------------------------------------------------------------------------------------------------------------------------------------------------------------+
; Analysis & Synthesis Resource Utilization by Entity                                                                                                                                                                            ;
+-----------------------------------+-------------------+--------------+-------------+--------------+---------+-----------+------+--------------+-----------------------------------------------------------------+--------------+
; Compilation Hierarchy Node        ; LC Combinationals ; LC Registers ; Memory Bits ; DSP Elements ; DSP 9x9 ; DSP 18x18 ; Pins ; Virtual Pins ; Full Hierarchy Name                                             ; Library Name ;
+-----------------------------------+-------------------+--------------+-------------+--------------+---------+-----------+------+--------------+-----------------------------------------------------------------+--------------+
; |alu                              ; 86 (0)            ; 0 (0)        ; 0           ; 0            ; 0       ; 0         ; 52   ; 0            ; |alu                                                            ; work         ;
;    |adder16bit:inst4|             ; 17 (0)            ; 0 (0)        ; 0           ; 0            ; 0       ; 0         ; 0    ; 0            ; |alu|adder16bit:inst4                                           ; work         ;
;       |fulladder:inst10|          ; 1 (1)             ; 0 (0)        ; 0           ; 0            ; 0       ; 0         ; 0    ; 0            ; |alu|adder16bit:inst4|fulladder:inst10                          ; work         ;
;       |fulladder:inst11|          ; 1 (1)             ; 0 (0)        ; 0           ; 0            ; 0       ; 0         ; 0    ; 0            ; |alu|adder16bit:inst4|fulladder:inst11                          ; work         ;
;       |fulladder:inst12|          ; 2 (2)             ; 0 (0)        ; 0           ; 0            ; 0       ; 0         ; 0    ; 0            ; |alu|adder16bit:inst4|fulladder:inst12                          ; work         ;
;       |fulladder:inst13|          ; 2 (1)             ; 0 (0)        ; 0           ; 0            ; 0       ; 0         ; 0    ; 0            ; |alu|adder16bit:inst4|fulladder:inst13                          ; work         ;
;          |halfadder:inst1|        ; 1 (1)             ; 0 (0)        ; 0           ; 0            ; 0       ; 0         ; 0    ; 0            ; |alu|adder16bit:inst4|fulladder:inst13|halfadder:inst1          ; work         ;
;       |fulladder:inst14|          ; 1 (1)             ; 0 (0)        ; 0           ; 0            ; 0       ; 0         ; 0    ; 0            ; |alu|adder16bit:inst4|fulladder:inst14                          ; work         ;
;       |fulladder:inst1|           ; 1 (1)             ; 0 (0)        ; 0           ; 0            ; 0       ; 0         ; 0    ; 0            ; |alu|adder16bit:inst4|fulladder:inst1                           ; work         ;
;       |fulladder:inst3|           ; 1 (1)             ; 0 (0)        ; 0           ; 0            ; 0       ; 0         ; 0    ; 0            ; |alu|adder16bit:inst4|fulladder:inst3                           ; work         ;
;       |fulladder:inst4|           ; 1 (1)             ; 0 (0)        ; 0           ; 0            ; 0       ; 0         ; 0    ; 0            ; |alu|adder16bit:inst4|fulladder:inst4                           ; work         ;
;       |fulladder:inst5|           ; 2 (2)             ; 0 (0)        ; 0           ; 0            ; 0       ; 0         ; 0    ; 0            ; |alu|adder16bit:inst4|fulladder:inst5                           ; work         ;
;       |fulladder:inst6|           ; 1 (1)             ; 0 (0)        ; 0           ; 0            ; 0       ; 0         ; 0    ; 0            ; |alu|adder16bit:inst4|fulladder:inst6                           ; work         ;
;       |fulladder:inst7|           ; 1 (1)             ; 0 (0)        ; 0           ; 0            ; 0       ; 0         ; 0    ; 0            ; |alu|adder16bit:inst4|fulladder:inst7                           ; work         ;
;       |fulladder:inst8|           ; 2 (2)             ; 0 (0)        ; 0           ; 0            ; 0       ; 0         ; 0    ; 0            ; |alu|adder16bit:inst4|fulladder:inst8                           ; work         ;
;       |fulladder:inst9|           ; 1 (1)             ; 0 (0)        ; 0           ; 0            ; 0       ; 0         ; 0    ; 0            ; |alu|adder16bit:inst4|fulladder:inst9                           ; work         ;
;    |mux5:inst|                    ; 52 (0)            ; 0 (0)        ; 0           ; 0            ; 0       ; 0         ; 0    ; 0            ; |alu|mux5:inst                                                  ; work         ;
;       |lpm_mux:LPM_MUX_component| ; 52 (0)            ; 0 (0)        ; 0           ; 0            ; 0       ; 0         ; 0    ; 0            ; |alu|mux5:inst|lpm_mux:LPM_MUX_component                        ; work         ;
;          |mux_2tc:auto_generated| ; 52 (52)           ; 0 (0)        ; 0           ; 0            ; 0       ; 0         ; 0    ; 0            ; |alu|mux5:inst|lpm_mux:LPM_MUX_component|mux_2tc:auto_generated ; work         ;
;    |subeer16bit:inst8|            ; 17 (0)            ; 0 (0)        ; 0           ; 0            ; 0       ; 0         ; 0    ; 0            ; |alu|subeer16bit:inst8                                          ; work         ;
;       |fulladder:inst10|          ; 1 (1)             ; 0 (0)        ; 0           ; 0            ; 0       ; 0         ; 0    ; 0            ; |alu|subeer16bit:inst8|fulladder:inst10                         ; work         ;
;       |fulladder:inst11|          ; 1 (1)             ; 0 (0)        ; 0           ; 0            ; 0       ; 0         ; 0    ; 0            ; |alu|subeer16bit:inst8|fulladder:inst11                         ; work         ;
;       |fulladder:inst13|          ; 4 (1)             ; 0 (0)        ; 0           ; 0            ; 0       ; 0         ; 0    ; 0            ; |alu|subeer16bit:inst8|fulladder:inst13                         ; work         ;
;          |halfadder:half1|        ; 1 (1)             ; 0 (0)        ; 0           ; 0            ; 0       ; 0         ; 0    ; 0            ; |alu|subeer16bit:inst8|fulladder:inst13|halfadder:half1         ; work         ;
;          |halfadder:inst1|        ; 2 (2)             ; 0 (0)        ; 0           ; 0            ; 0       ; 0         ; 0    ; 0            ; |alu|subeer16bit:inst8|fulladder:inst13|halfadder:inst1         ; work         ;
;       |fulladder:inst14|          ; 1 (1)             ; 0 (0)        ; 0           ; 0            ; 0       ; 0         ; 0    ; 0            ; |alu|subeer16bit:inst8|fulladder:inst14                         ; work         ;
;       |fulladder:inst1|           ; 1 (1)             ; 0 (0)        ; 0           ; 0            ; 0       ; 0         ; 0    ; 0            ; |alu|subeer16bit:inst8|fulladder:inst1                          ; work         ;
;       |fulladder:inst3|           ; 1 (1)             ; 0 (0)        ; 0           ; 0            ; 0       ; 0         ; 0    ; 0            ; |alu|subeer16bit:inst8|fulladder:inst3                          ; work         ;
;       |fulladder:inst4|           ; 1 (1)             ; 0 (0)        ; 0           ; 0            ; 0       ; 0         ; 0    ; 0            ; |alu|subeer16bit:inst8|fulladder:inst4                          ; work         ;
;       |fulladder:inst6|           ; 4 (1)             ; 0 (0)        ; 0           ; 0            ; 0       ; 0         ; 0    ; 0            ; |alu|subeer16bit:inst8|fulladder:inst6                          ; work         ;
;          |halfadder:half1|        ; 1 (1)             ; 0 (0)        ; 0           ; 0            ; 0       ; 0         ; 0    ; 0            ; |alu|subeer16bit:inst8|fulladder:inst6|halfadder:half1          ; work         ;
;          |halfadder:inst1|        ; 2 (2)             ; 0 (0)        ; 0           ; 0            ; 0       ; 0         ; 0    ; 0            ; |alu|subeer16bit:inst8|fulladder:inst6|halfadder:inst1          ; work         ;
;       |fulladder:inst7|           ; 1 (1)             ; 0 (0)        ; 0           ; 0            ; 0       ; 0         ; 0    ; 0            ; |alu|subeer16bit:inst8|fulladder:inst7                          ; work         ;
;       |fulladder:inst8|           ; 1 (1)             ; 0 (0)        ; 0           ; 0            ; 0       ; 0         ; 0    ; 0            ; |alu|subeer16bit:inst8|fulladder:inst8                          ; work         ;
;       |fulladder:inst9|           ; 1 (1)             ; 0 (0)        ; 0           ; 0            ; 0       ; 0         ; 0    ; 0            ; |alu|subeer16bit:inst8|fulladder:inst9                          ; work         ;
+-----------------------------------+-------------------+--------------+-------------+--------------+---------+-----------+------+--------------+-----------------------------------------------------------------+--------------+
Note: For table entries with two numbers listed, the numbers in parentheses indicate the number of resources of the given type used by the specific entity alone. The numbers listed outside of parentheses indicate the total resources of the given type used by the specific entity and all of its sub-entities in the hierarchy.


+---------------------------------------------------------------------------------------------------------------------------------+
; Analysis & Synthesis IP Cores Summary                                                                                           ;
+--------+--------------+---------+--------------+--------------+-----------------+-----------------------------------------------+
; Vendor ; IP Core Name ; Version ; Release Date ; License Type ; Entity Instance ; IP Include File                               ;
+--------+--------------+---------+--------------+--------------+-----------------+-----------------------------------------------+
; Altera ; LPM_MUX      ; 13.0    ; N/A          ; N/A          ; |alu|mux5:inst  ; C:/altera/13.0sp1/le2hard3/workspace32/mux5.v ;
+--------+--------------+---------+--------------+--------------+-----------------+-----------------------------------------------+


+------------------------------------------------------+
; General Register Statistics                          ;
+----------------------------------------------+-------+
; Statistic                                    ; Value ;
+----------------------------------------------+-------+
; Total registers                              ; 0     ;
; Number of registers using Synchronous Clear  ; 0     ;
; Number of registers using Synchronous Load   ; 0     ;
; Number of registers using Asynchronous Clear ; 0     ;
; Number of registers using Asynchronous Load  ; 0     ;
; Number of registers using Clock Enable       ; 0     ;
; Number of registers using Preset             ; 0     ;
+----------------------------------------------+-------+


+----------------------------------------------------------------------------------+
; Parameter Settings for User Entity Instance: mux5:inst|lpm_mux:LPM_MUX_component ;
+------------------------+--------------+------------------------------------------+
; Parameter Name         ; Value        ; Type                                     ;
+------------------------+--------------+------------------------------------------+
; AUTO_CARRY_CHAINS      ; ON           ; AUTO_CARRY                               ;
; IGNORE_CARRY_BUFFERS   ; OFF          ; IGNORE_CARRY                             ;
; AUTO_CASCADE_CHAINS    ; ON           ; AUTO_CASCADE                             ;
; IGNORE_CASCADE_BUFFERS ; OFF          ; IGNORE_CASCADE                           ;
; LPM_WIDTH              ; 16           ; Signed Integer                           ;
; LPM_SIZE               ; 5            ; Signed Integer                           ;
; LPM_WIDTHS             ; 3            ; Signed Integer                           ;
; LPM_PIPELINE           ; 0            ; Untyped                                  ;
; CBXI_PARAMETER         ; mux_2tc      ; Untyped                                  ;
; DEVICE_FAMILY          ; Cyclone IV E ; Untyped                                  ;
+------------------------+--------------+------------------------------------------+
Note: In order to hide this table in the UI and the text report file, please set the "Show Parameter Settings in Synthesis Report" option in "Analysis and Synthesis Settings -> More Settings" to "Off".


+-------------------------------+
; Elapsed Time Per Partition    ;
+----------------+--------------+
; Partition Name ; Elapsed Time ;
+----------------+--------------+
; Top            ; 00:00:01     ;
+----------------+--------------+


+-------------------------------+
; Analysis & Synthesis Messages ;
+-------------------------------+
Info: *******************************************************************
Info: Running Quartus II 64-Bit Analysis & Synthesis
    Info: Version 13.0.1 Build 232 06/12/2013 Service Pack 1 SJ Web Edition
    Info: Processing started: Sat Jan 13 17:02:20 2018
Info: Command: quartus_map --read_settings_files=on --write_settings_files=off alu -c alu
Warning (20028): Parallel compilation is not licensed and has been disabled
Info (12021): Found 1 design units, including 1 entities, in source file alu.bdf
    Info (12023): Found entity 1: alu
Info (12021): Found 1 design units, including 1 entities, in source file adder16bit.bdf
    Info (12023): Found entity 1: adder16bit
Info (12021): Found 1 design units, including 1 entities, in source file subeer16bit.bdf
    Info (12023): Found entity 1: subeer16bit
Info (12021): Found 1 design units, including 1 entities, in source file ander16bit.bdf
    Info (12023): Found entity 1: ander16bit
Info (12021): Found 1 design units, including 1 entities, in source file orer16bit.bdf
    Info (12023): Found entity 1: orer16bit
Info (12021): Found 1 design units, including 1 entities, in source file xorer16bit.bdf
    Info (12023): Found entity 1: xorer16bit
Info (12021): Found 1 design units, including 1 entities, in source file halfadder.bdf
    Info (12023): Found entity 1: halfadder
Info (12021): Found 1 design units, including 1 entities, in source file fulladder.bdf
    Info (12023): Found entity 1: fulladder
Info (12021): Found 1 design units, including 1 entities, in source file mux5.v
    Info (12023): Found entity 1: mux5
Info (12127): Elaborating entity "alu" for the top level hierarchy
Info (12128): Elaborating entity "mux5" for hierarchy "mux5:inst"
Info (12128): Elaborating entity "lpm_mux" for hierarchy "mux5:inst|lpm_mux:LPM_MUX_component"
Info (12130): Elaborated megafunction instantiation "mux5:inst|lpm_mux:LPM_MUX_component"
Info (12133): Instantiated megafunction "mux5:inst|lpm_mux:LPM_MUX_component" with the following parameter:
    Info (12134): Parameter "lpm_size" = "5"
    Info (12134): Parameter "lpm_type" = "LPM_MUX"
    Info (12134): Parameter "lpm_width" = "16"
    Info (12134): Parameter "lpm_widths" = "3"
Info (12021): Found 1 design units, including 1 entities, in source file db/mux_2tc.tdf
    Info (12023): Found entity 1: mux_2tc
Info (12128): Elaborating entity "mux_2tc" for hierarchy "mux5:inst|lpm_mux:LPM_MUX_component|mux_2tc:auto_generated"
Info (12128): Elaborating entity "adder16bit" for hierarchy "adder16bit:inst4"
Info (12128): Elaborating entity "fulladder" for hierarchy "adder16bit:inst4|fulladder:inst1"
Info (12128): Elaborating entity "halfadder" for hierarchy "adder16bit:inst4|fulladder:inst1|halfadder:inst1"
Info (12128): Elaborating entity "subeer16bit" for hierarchy "subeer16bit:inst8"
Info (12128): Elaborating entity "ander16bit" for hierarchy "ander16bit:inst12"
Info (12128): Elaborating entity "orer16bit" for hierarchy "orer16bit:inst15"
Info (12128): Elaborating entity "xorer16bit" for hierarchy "xorer16bit:inst19"
Info (286030): Timing-Driven Synthesis is running
Info (16010): Generating hard_block partition "hard_block:auto_generated_inst"
    Info (16011): Adding 0 node(s), including 0 DDIO, 0 PLL, 0 transceiver and 0 LCELL
Warning (21074): Design contains 1 input pin(s) that do not drive logic
    Warning (15610): No output dependent on input pin "opcode[3]"
Info (21057): Implemented 138 device resources after synthesis - the final resource count might be different
    Info (21058): Implemented 36 input pins
    Info (21059): Implemented 16 output pins
    Info (21061): Implemented 86 logic cells
Info: Quartus II 64-Bit Analysis & Synthesis was successful. 0 errors, 3 warnings
    Info: Peak virtual memory: 560 megabytes
    Info: Processing ended: Sat Jan 13 17:02:23 2018
    Info: Elapsed time: 00:00:03
    Info: Total CPU time (on all processors): 00:00:02


